<?xml version="1.0" encoding="UTF-8"?>
<!-- Generated by org.testng.reporters.JUnitReportReporter -->
<testsuite hostname="solomon" name="RScomponent.RS.AppTest" tests="1" failures="0" timestamp="30 Sep 2017 22:11:17 GMT" time="0.007" errors="0">
  <testcase name="testApp" time="0.007" classname="RScomponent.RS.AppTest"/>
</testsuite>
